<?xml version="1.0" encoding="UTF-8"?>
<testsuite xmlns:xsi="http://www.w3.org/2001/XMLSchema-instance" xsi:noNamespaceSchemaLocation="https://maven.apache.org/surefire/maven-surefire-plugin/xsd/surefire-test-report-3.0.xsd" version="3.0" name="org.example.bank.domain.BankTest" time="0.893" tests="22" errors="0" skipped="0" failures="0">
  <properties>
[...]
</properties>
  <testcase name="shouldSupportConcurrentlyTransfersWhenMoreThanTwoAccountsAreMakingConcurrentTransfers(TransferStrategy)[1]" classname="org.example.bank.domain.BankTest" time="0.079"/>
  <testcase name="shouldSupportConcurrentlyTransfersWhenMoreThanTwoAccountsAreMakingConcurrentTransfers(TransferStrategy)[2]" classname="org.example.bank.domain.BankTest" time="0.024"/>
  <testcase name="shouldSupportConcurrentlyTransfersWhenMoreThanTwoAccountsAreMakingConcurrentTransfers(TransferStrategy)[3]" classname="org.example.bank.domain.BankTest" time="0.051"/>
  <testcase name="shouldThrowExceptionWhenAccountNotFound" classname="org.example.bank.domain.BankTest" time="0.003"/>
  <testcase name="shouldRetrieveTheBalanceOfAnAccount" classname="org.example.bank.domain.BankTest" time="0.001"/>
  <testcase name="shouldTransferMoney(TransferStrategy)[1]" classname="org.example.bank.domain.BankTest" time="0.001"/>
  <testcase name="shouldTransferMoney(TransferStrategy)[2]" classname="org.example.bank.domain.BankTest" time="0.001"/>
  <testcase name="shouldTransferMoney(TransferStrategy)[3]" classname="org.example.bank.domain.BankTest" time="0.0"/>
  <testcase name="shouldSupportConcurrentlyTransfers(TransferStrategy)[1]" classname="org.example.bank.domain.BankTest" time="0.004"/>
  <testcase name="shouldSupportConcurrentlyTransfers(TransferStrategy)[2]" classname="org.example.bank.domain.BankTest" time="0.004"/>
  <testcase name="shouldSupportConcurrentlyTransfers(TransferStrategy)[3]" classname="org.example.bank.domain.BankTest" time="0.008"/>
  <testcase name="shouldRegisterAccount" classname="org.example.bank.domain.BankTest" time="0.002"/>
  <testcase name="compareTransferMethodsEfficiency(RepetitionInfo)[1]" classname="org.example.bank.domain.BankTest" time="0.081"/>
  <testcase name="compareTransferMethodsEfficiency(RepetitionInfo)[2]" classname="org.example.bank.domain.BankTest" time="0.075"/>
  <testcase name="compareTransferMethodsEfficiency(RepetitionInfo)[3]" classname="org.example.bank.domain.BankTest" time="0.073"/>
  <testcase name="compareTransferMethodsEfficiency(RepetitionInfo)[4]" classname="org.example.bank.domain.BankTest" time="0.065"/>
  <testcase name="compareTransferMethodsEfficiency(RepetitionInfo)[5]" classname="org.example.bank.domain.BankTest" time="0.054"/>
  <testcase name="compareTransferMethodsEfficiency(RepetitionInfo)[6]" classname="org.example.bank.domain.BankTest" time="0.06"/>
  <testcase name="compareTransferMethodsEfficiency(RepetitionInfo)[7]" classname="org.example.bank.domain.BankTest" time="0.064"/>
  <testcase name="compareTransferMethodsEfficiency(RepetitionInfo)[8]" classname="org.example.bank.domain.BankTest" time="0.063"/>
  <testcase name="compareTransferMethodsEfficiency(RepetitionInfo)[9]" classname="org.example.bank.domain.BankTest" time="0.061"/>
  <testcase name="compareTransferMethodsEfficiency(RepetitionInfo)[10]" classname="org.example.bank.domain.BankTest" time="0.066">
    <system-out><![CDATA[Mean time taken by serializedTransfer: 1720960 ns
Mean time taken by pessimisticLockTransfer: 2325670 ns
Mean time taken by optimisticLockTransfer: 2170420 ns
---------------------------------------------
Mean speedup of pessimisticLockTransfer over serializedTransfer: 0,74 x
Mean speedup of optimisticLockTransfer over serializedTransfer: 0,79 x 
]]></system-out>
  </testcase>
</testsuite>